{"D:\\Projects\\MEEL\\VectorIconTest\\App.tsx": {"path":"D:\\Projects\\MEEL\\VectorIconTest\\App.tsx","statementMap":{"0":{"start":{"line":6,"column":22},"end":{"line":22,"column":1}},"1":{"start":{"line":7,"column":2},"end":{"line":21,"column":4}},"2":{"start":{"line":24,"column":15},"end":{"line":31,"column":2}}},"fnMap":{"0":{"name":"(anonymous_0)","decl":{"start":{"line":6,"column":22},"end":{"line":6,"column":23}},"loc":{"start":{"line":6,"column":28},"end":{"line":22,"column":1}},"line":6}},"branchMap":{},"s":{"0":1,"1":1,"2":1},"f":{"0":1},"b":{},"_coverageSchema":"1a1c01bbd47fc00a2c39e90264f33305004495a9","hash":"b6d9573375e4ee591475809e4e9df87a52e5fcdc"}
}
